<?xml version="1.0" encoding="UTF-8"?>
<!-- Generated by org.testng.reporters.JUnitReportReporter -->
<testsuite skipped="0" hostname="Shift-PC01" name="com.shiftedtech.qa.selenium.GoogleTitleTest" tests="2" failures="0" timestamp="15 Jul 2018 21:33:42 GMT" time="11.914" errors="0">
  <testcase name="googleTitleTest" time="5.481" classname="com.shiftedtech.qa.selenium.GoogleTitleTest"/>
  <testcase name="googleTest" time="6.433" classname="com.shiftedtech.qa.selenium.GoogleTitleTest"/>
</testsuite> <!-- com.shiftedtech.qa.selenium.GoogleTitleTest -->
