<?xml version="1.0" encoding="UTF-8"?>
<!-- Generated by org.testng.reporters.JUnitReportReporter -->
<testsuite skipped="0" hostname="Shift-PC01" name="com.shiftedtech.qa.selenium.TestNgBasic" tests="1" failures="0" timestamp="15 Jul 2018 19:53:57 GMT" time="0.012" errors="0">
  <testcase name="googleTitleTest" time="0.012" classname="com.shiftedtech.qa.selenium.TestNgBasic"/>
</testsuite> <!-- com.shiftedtech.qa.selenium.TestNgBasic -->
