<?xml version="1.0" encoding="UTF-8"?>
<!-- Generated by org.testng.reporters.JUnitReportReporter -->
<testsuite skipped="0" hostname="Shift-PC01" name="com.shiftedtech.qa.selenium.TestNGFeature" tests="4" failures="0" timestamp="15 Jul 2018 23:42:13 GMT" time="0.017" errors="0">
  <testcase name="loginTest" time="0.013" classname="com.shiftedtech.qa.selenium.TestNGFeature"/>
  <testcase name="homePage" time="0.001" classname="com.shiftedtech.qa.selenium.TestNGFeature"/>
  <testcase name="registrationPage" time="0.002" classname="com.shiftedtech.qa.selenium.TestNGFeature"/>
  <testcase name="searchPage" time="0.001" classname="com.shiftedtech.qa.selenium.TestNGFeature"/>
</testsuite> <!-- com.shiftedtech.qa.selenium.TestNGFeature -->
