<?xml version="1.0" encoding="UTF-8"?>
<!-- Generated by org.testng.reporters.JUnitReportReporter -->
<testsuite skipped="0" hostname="Shift-PC01" name="com.shiftedtech.qa.selenium.ExceptonTimeOutTest" tests="2" failures="0" timestamp="15 Jul 2018 23:59:06 GMT" time="0.012" errors="0">
  <testcase name="test1" time="0.009" classname="com.shiftedtech.qa.selenium.ExceptonTimeOutTest"/>
  <testcase name="test1" time="0.003" classname="com.shiftedtech.qa.selenium.ExceptonTimeOutTest"/>
</testsuite> <!-- com.shiftedtech.qa.selenium.ExceptonTimeOutTest -->
